<?xml version="1.0" encoding="UTF-8"?>
<!-- Generated by org.testng.reporters.JUnitReportReporter -->
<testsuite hostname="TechAviator-PC" name="Scenario_Component.Scenario_Cart" tests="1" failures="0" timestamp="16 Jan 2017 11:31:07 GMT" time="60.084" errors="0">
  <testcase name="testDeleteCart" time="60.084" classname="Scenario_Component.Scenario_Cart"/>
</testsuite> <!-- Scenario_Component.Scenario_Cart -->
